# JRE version: 7.0_04-b22
# Java VM: Java HotSpot(TM) Client VM (23.0-b21 mixed mode, sharing windows-x86 )
Heap
 def new generation   total 78656K, used 21461K [0x24520000, 0x29a70000, 0x29a70000)
  eden space 69952K,  29% used [0x24520000, 0x25956f60, 0x28970000)
  from space 8704K,   8% used [0x28970000, 0x28a2e6d8, 0x291f0000)
  to   space 8704K,   0% used [0x291f0000, 0x291f0000, 0x29a70000)
 tenured generation   total 174784K, used 138419K [0x29a70000, 0x34520000, 0x34520000)
   the space 174784K,  79% used [0x29a70000, 0x3219cfa8, 0x3219d000, 0x34520000)
 compacting perm gen  total 23552K, used 23301K [0x34520000, 0x35c20000, 0x38520000)
   the space 23552K,  98% used [0x34520000, 0x35be1418, 0x35be1600, 0x35c20000)
    ro space 10240K,  42% used [0x38520000, 0x3895e578, 0x3895e600, 0x38f20000)
    rw space 12288K,  54% used [0x38f20000, 0x3959f0e8, 0x3959f200, 0x39b20000)
GC Heap History (10 events):
Event: 117573.901 GC heap before
{Heap before GC invocations=1664 (full 15):
 def new generation   total 78656K, used 77971K [0x24520000, 0x29a70000, 0x29a70000)
  eden space 69952K,  99% used [0x24520000, 0x288c4f00, 0x28970000)
  from space 8704K, 100% used [0x291f0000, 0x29a70000, 0x29a70000)
  to   space 8704K,   0% used [0x28970000, 0x28970000, 0x291f0000)
 tenured generation   total 174784K, used 133760K [0x29a70000, 0x34520000, 0x34520000)
   the space 174784K,  76% used [0x29a70000, 0x31d10318, 0x31d10400, 0x34520000)
 compacting perm gen  total 23552K, used 23300K [0x34520000, 0x35c20000, 0x38520000)
   the space 23552K,  98% used [0x34520000, 0x35be13e8, 0x35be1400, 0x35c20000)
    ro space 10240K,  42% used [0x38520000, 0x3895e578, 0x3895e600, 0x38f20000)
    rw space 12288K,  54% used [0x38f20000, 0x3959f0e8, 0x3959f200, 0x39b20000)
Event: 117573.924 GC heap after
Heap after GC invocations=1665 (full 15):
 def new generation   total 78656K, used 462K [0x24520000, 0x29a70000, 0x29a70000)
  eden space 69952K,   0% used [0x24520000, 0x24520000, 0x28970000)
  from space 8704K,   5% used [0x28970000, 0x289e3b50, 0x291f0000)
  to   space 8704K,   0% used [0x291f0000, 0x291f0000, 0x29a70000)
 tenured generation   total 174784K, used 138419K [0x29a70000, 0x34520000, 0x34520000)
   the space 174784K,  79% used [0x29a70000, 0x3219cfa8, 0x3219d000, 0x34520000)
 compacting perm gen  total 23552K, used 23300K [0x34520000, 0x35c20000, 0x38520000)
   the space 23552K,  98% used [0x34520000, 0x35be13e8, 0x35be1400, 0x35c20000)
    ro space 10240K,  42% used [0x38520000, 0x3895e578, 0x3895e600, 0x38f20000)
    rw space 12288K,  54% used [0x38f20000, 0x3959f0e8, 0x3959f200, 0x39b20000)
}
Event: 117581.054 GC heap before
{Heap before GC invocations=1665 (full 15):
 def new generation   total 78656K, used 70231K [0x24520000, 0x29a70000, 0x29a70000)
  eden space 69952K,  99% used [0x24520000, 0x28942490, 0x28970000)
  from space 8704K,   5% used [0x28970000, 0x289e3b50, 0x291f0000)
  to   space 8704K,   0% used [0x291f0000, 0x291f0000, 0x29a70000)
 tenured generation   total 174784K, used 138419K [0x29a70000, 0x34520000, 0x34520000)
   the space 174784K,  79% used [0x29a70000, 0x3219cfa8, 0x3219d000, 0x34520000)
 compacting perm gen  total 23552K, used 23300K [0x34520000, 0x35c20000, 0x38520000)
   the space 23552K,  98% used [0x34520000, 0x35be13e8, 0x35be1400, 0x35c20000)
    ro space 10240K,  42% used [0x38520000, 0x3895e578, 0x3895e600, 0x38f20000)
    rw space 12288K,  54% used [0x38f20000, 0x3959f0e8, 0x3959f200, 0x39b20000)
Event: 117581.059 GC heap after
Heap after GC invocations=1666 (full 15):
 def new generation   total 78656K, used 443K [0x24520000, 0x29a70000, 0x29a70000)
  eden space 69952K,   0% used [0x24520000, 0x24520000, 0x28970000)
  from space 8704K,   5% used [0x291f0000, 0x2925ed70, 0x29a70000)
  to   space 8704K,   0% used [0x28970000, 0x28970000, 0x291f0000)
 tenured generation   total 174784K, used 138419K [0x29a70000, 0x34520000, 0x34520000)
   the space 174784K,  79% used [0x29a70000, 0x3219cfa8, 0x3219d000, 0x34520000)
 compacting perm gen  total 23552K, used 23300K [0x34520000, 0x35c20000, 0x38520000)
   the space 23552K,  98% used [0x34520000, 0x35be13e8, 0x35be1400, 0x35c20000)
    ro space 10240K,  42% used [0x38520000, 0x3895e578, 0x3895e600, 0x38f20000)
    rw space 12288K,  54% used [0x38f20000, 0x3959f0e8, 0x3959f200, 0x39b20000)
}
Event: 117585.329 GC heap before
{Heap before GC invocations=1666 (full 15):
 def new generation   total 78656K, used 70395K [0x24520000, 0x29a70000, 0x29a70000)
  eden space 69952K, 100% used [0x24520000, 0x28970000, 0x28970000)
  from space 8704K,   5% used [0x291f0000, 0x2925ed70, 0x29a70000)
  to   space 8704K,   0% used [0x28970000, 0x28970000, 0x291f0000)
 tenured generation   total 174784K, used 138419K [0x29a70000, 0x34520000, 0x34520000)
   the space 174784K,  79% used [0x29a70000, 0x3219cfa8, 0x3219d000, 0x34520000)
 compacting perm gen  total 23552K, used 23300K [0x34520000, 0x35c20000, 0x38520000)
   the space 23552K,  98% used [0x34520000, 0x35be13e8, 0x35be1400, 0x35c20000)
    ro space 10240K,  42% used [0x38520000, 0x3895e578, 0x3895e600, 0x38f20000)
    rw space 12288K,  54% used [0x38f20000, 0x3959f0e8, 0x3959f200, 0x39b20000)
Event: 117585.336 GC heap after
Heap after GC invocations=1667 (full 15):
 def new generation   total 78656K, used 671K [0x24520000, 0x29a70000, 0x29a70000)
  eden space 69952K,   0% used [0x24520000, 0x24520000, 0x28970000)
  from space 8704K,   7% used [0x28970000, 0x28a17c68, 0x291f0000)
  to   space 8704K,   0% used [0x291f0000, 0x291f0000, 0x29a70000)
 tenured generation   total 174784K, used 138419K [0x29a70000, 0x34520000, 0x34520000)
   the space 174784K,  79% used [0x29a70000, 0x3219cfa8, 0x3219d000, 0x34520000)
 compacting perm gen  total 23552K, used 23300K [0x34520000, 0x35c20000, 0x38520000)
   the space 23552K,  98% used [0x34520000, 0x35be13e8, 0x35be1400, 0x35c20000)
    ro space 10240K,  42% used [0x38520000, 0x3895e578, 0x3895e600, 0x38f20000)
    rw space 12288K,  54% used [0x38f20000, 0x3959f0e8, 0x3959f200, 0x39b20000)
}
Event: 117634.761 GC heap before
{Heap before GC invocations=1667 (full 15):
 def new generation   total 78656K, used 70412K [0x24520000, 0x29a70000, 0x29a70000)
  eden space 69952K,  99% used [0x24520000, 0x2893b5d8, 0x28970000)
  from space 8704K,   7% used [0x28970000, 0x28a17c68, 0x291f0000)
  to   space 8704K,   0% used [0x291f0000, 0x291f0000, 0x29a70000)
 tenured generation   total 174784K, used 138419K [0x29a70000, 0x34520000, 0x34520000)
   the space 174784K,  79% used [0x29a70000, 0x3219cfa8, 0x3219d000, 0x34520000)
 compacting perm gen  total 23552K, used 23300K [0x34520000, 0x35c20000, 0x38520000)
   the space 23552K,  98% used [0x34520000, 0x35be13e8, 0x35be1400, 0x35c20000)
    ro space 10240K,  42% used [0x38520000, 0x3895e578, 0x3895e600, 0x38f20000)
    rw space 12288K,  54% used [0x38f20000, 0x3959f0e8, 0x3959f200, 0x39b20000)
Event: 117634.769 GC heap after
Heap after GC invocations=1668 (full 15):
 def new generation   total 78656K, used 676K [0x24520000, 0x29a70000, 0x29a70000)
  eden space 69952K,   0% used [0x24520000, 0x24520000, 0x28970000)
  from space 8704K,   7% used [0x291f0000, 0x29299260, 0x29a70000)
  to   space 8704K,   0% used [0x28970000, 0x28970000, 0x291f0000)
 tenured generation   total 174784K, used 138419K [0x29a70000, 0x34520000, 0x34520000)
   the space 174784K,  79% used [0x29a70000, 0x3219cfa8, 0x3219d000, 0x34520000)
 compacting perm gen  total 23552K, used 23300K [0x34520000, 0x35c20000, 0x38520000)
   the space 23552K,  98% used [0x34520000, 0x35be13e8, 0x35be1400, 0x35c20000)
    ro space 10240K,  42% used [0x38520000, 0x3895e578, 0x3895e600, 0x38f20000)
    rw space 12288K,  54% used [0x38f20000, 0x3959f0e8, 0x3959f200, 0x39b20000)
}
Event: 117650.709 GC heap before
{Heap before GC invocations=1668 (full 15):
 def new generation   total 78656K, used 70628K [0x24520000, 0x29a70000, 0x29a70000)
  eden space 69952K, 100% used [0x24520000, 0x28970000, 0x28970000)
  from space 8704K,   7% used [0x291f0000, 0x29299260, 0x29a70000)
  to   space 8704K,   0% used [0x28970000, 0x28970000, 0x291f0000)
 tenured generation   total 174784K, used 138419K [0x29a70000, 0x34520000, 0x34520000)
   the space 174784K,  79% used [0x29a70000, 0x3219cfa8, 0x3219d000, 0x34520000)
 compacting perm gen  total 23552K, used 23300K [0x34520000, 0x35c20000, 0x38520000)
   the space 23552K,  98% used [0x34520000, 0x35be13e8, 0x35be1400, 0x35c20000)
    ro space 10240K,  42% used [0x38520000, 0x3895e578, 0x3895e600, 0x38f20000)
    rw space 12288K,  54% used [0x38f20000, 0x3959f0e8, 0x3959f200, 0x39b20000)
Event: 117650.716 GC heap after
Heap after GC invocations=1669 (full 15):
 def new generation   total 78656K, used 761K [0x24520000, 0x29a70000, 0x29a70000)
  eden space 69952K,   0% used [0x24520000, 0x24520000, 0x28970000)
  from space 8704K,   8% used [0x28970000, 0x28a2e6d8, 0x291f0000)
  to   space 8704K,   0% used [0x291f0000, 0x291f0000, 0x29a70000)
 tenured generation   total 174784K, used 138419K [0x29a70000, 0x34520000, 0x34520000)
   the space 174784K,  79% used [0x29a70000, 0x3219cfa8, 0x3219d000, 0x34520000)
 compacting perm gen  total 23552K, used 23300K [0x34520000, 0x35c20000, 0x38520000)
   the space 23552K,  98% used [0x34520000, 0x35be13e8, 0x35be1400, 0x35c20000)
    ro space 10240K,  42% used [0x38520000, 0x3895e578, 0x3895e600, 0x38f20000)
    rw space 12288K,  54% used [0x38f20000, 0x3959f0e8, 0x3959f200, 0x39b20000)
}

